1 1 0.500000
1 1 0.250000
2 2 0.250000
4 4 0.250000
8 8 0.250000
14 e 0.218750
26 1a 0.203125
52 34 0.203125
104 68 0.203125
208 d0 0.203125
412 19c 0.201172
820 334 0.200195
1640 668 0.200195
3280 cd0 0.200195
6560 19a0 0.200195
13112 3338 0.200073
26216 6668 0.200012
52432 ccd0 0.200012
104864 199a0 0.200012
209728 33340 0.200012
419440 66670 0.200005
838864 cccd0 0.200001
1677728 1999a0 0.200001
3355456 333340 0.200001
6710912 666680 0.200001
13421792 cccce0 0.200000
26843552 19999a0 0.200000
53687104 3333340 0.200000
